\BOOKMARK [1][-]{section.1}{\376\377\000I\000n\000t\000r\000o\000d\000u\000z\000i\000o\000n\000e}{}% 1
\BOOKMARK [2][-]{subsection.1.1}{\376\377\000I\000l\000\040\000p\000r\000o\000g\000e\000t\000t\000o\000\040\000I\000R\000S\000A\000P\000\040\000r\000a\000d\000i\000a\000t\000o\000r\000e\000\040\000e\000l\000e\000t\000t\000r\000i\000c\000o}{section.1}% 2
\BOOKMARK [2][-]{subsection.1.2}{\376\377\000M\000o\000t\000i\000v\000a\000z\000i\000o\000n\000i\000\040\000\050\000d\000i\000f\000f\000c\000o\000l\000t\000a\000'\000\040\000t\000e\000s\000t\000i\000n\000g\000\040\000I\000o\000T\000/\000c\000l\000o\000u\000d\000\051}{section.1}% 3
\BOOKMARK [2][-]{subsection.1.3}{\376\377\000P\000r\000a\000s\000s\000i\000\040\000a\000t\000t\000u\000a\000l\000e\000\040\000t\000e\000s\000t\000i\000n\000g\000\040\000\050\000p\000r\000o\000b\000l\000e\000m\000i\000\040\000a\000p\000e\000r\000t\000i\000\051}{section.1}% 4
\BOOKMARK [3][-]{subsubsection.1.3.1}{\376\377\000T\000e\000s\000t\000\040\000d\000i\000\040\000s\000v\000i\000l\000u\000p\000p\000a\000t\000o\000r\000e}{subsection.1.3}% 5
\BOOKMARK [3][-]{subsubsection.1.3.2}{\376\377\000T\000e\000s\000t\000\040\000d\000i\000\040\000a\000c\000c\000e\000t\000t\000a\000z\000i\000o\000n\000e\000\040\000i\000n\000t\000e\000r\000n\000a}{subsection.1.3}% 6
\BOOKMARK [3][-]{subsubsection.1.3.3}{\376\377\000T\000e\000s\000t\000\040\000d\000i\000\040\000a\000c\000c\000e\000t\000t\000a\000z\000i\000o\000n\000e\000\040\000d\000e\000l\000\040\000c\000l\000i\000e\000n\000t\000e\000\040\000f\000i\000n\000a\000l\000e}{subsection.1.3}% 7
\BOOKMARK [2][-]{subsection.1.4}{\376\377\000P\000o\000s\000s\000i\000b\000i\000l\000i\000t\000\340\000\040\000d\000i\000\040\000a\000u\000t\000o\000m\000a\000t\000i\000z\000z\000a\000r\000e\000\040\000i\000l\000\040\000t\000e\000s\000t\000i\000n\000g}{section.1}% 8
\BOOKMARK [1][-]{section.2}{\376\377\000R\000e\000l\000a\000t\000e\000d\000\040\000w\000o\000r\000k}{}% 9
\BOOKMARK [2][-]{subsection.2.1}{\376\377\000T\000o\000o\000l\000\040\000c\000o\000m\000m\000e\000r\000c\000i\000a\000l\000i\000/\000o\000p\000e\000n\000-\000s\000o\000u\000r\000c\000e}{section.2}% 10
\BOOKMARK [1][-]{section.3}{\376\377\000A\000p\000p\000r\000o\000c\000c\000i\000o}{}% 11
\BOOKMARK [2][-]{subsection.3.1}{\376\377\000C\000a\000r\000a\000t\000t\000e\000r\000i\000s\000t\000i\000c\000h\000e\000\040\000h\000a\000r\000d\000w\000a\000r\000e}{section.3}% 12
\BOOKMARK [2][-]{subsection.3.2}{\376\377\000C\000a\000r\000a\000t\000t\000e\000r\000i\000s\000t\000i\000c\000h\000e\000\040\000s\000o\000f\000t\000w\000a\000r\000e}{section.3}% 13
\BOOKMARK [3][-]{subsubsection.3.2.1}{\376\377\000S\000t\000a\000t\000i\000\040\000i\000n\000t\000e\000r\000n\000i\000\040\000d\000e\000l\000\040\000d\000i\000s\000p\000o\000s\000i\000t\000i\000v\000o}{subsection.3.2}% 14
\BOOKMARK [3][-]{subsubsection.3.2.2}{\376\377\000T\000e\000r\000m\000o\000r\000e\000g\000o\000l\000a\000z\000i\000o\000n\000e}{subsection.3.2}% 15
\BOOKMARK [3][-]{subsubsection.3.2.3}{\376\377\000C\000o\000m\000u\000n\000i\000c\000a\000z\000i\000o\000n\000e\000\040\000c\000l\000o\000u\000d}{subsection.3.2}% 16
\BOOKMARK [3][-]{subsubsection.3.2.4}{\376\377\000A\000P\000I\000\040\000d\000i\000\040\000c\000o\000n\000f\000i\000g\000u\000r\000a\000z\000i\000o\000n\000e\000\040\000l\000o\000c\000a\000l\000e}{subsection.3.2}% 17
\BOOKMARK [3][-]{subsubsection.3.2.5}{\376\377\000H\000M\000I}{subsection.3.2}% 18
\BOOKMARK [2][-]{subsection.3.3}{\376\377\000I\000n\000t\000e\000f\000a\000c\000c\000i\000a\000m\000e\000n\000t\000o\000\040\000c\000o\000n\000\040\000i\000l\000\040\000s\000i\000s\000t\000e\000m\000a\000\040\000d\000i\000\040\000t\000e\000s\000t}{section.3}% 19
\BOOKMARK [3][-]{subsubsection.3.3.1}{\376\377\000I\000n\000t\000e\000r\000a\000z\000i\000o\000n\000e\000\040\000c\000o\000n\000\040\000i\000l\000\040\000d\000i\000s\000p\000o\000s\000i\000t\000i\000v\000o\000\040\000f\000i\000s\000i\000c\000o}{subsection.3.3}% 20
\BOOKMARK [3][-]{subsubsection.3.3.2}{\376\377\000I\000n\000t\000e\000r\000a\000z\000i\000o\000n\000e\000\040\000c\000o\000n\000\040\000l\000a\000\040\000s\000o\000l\000a\000\040\000e\000l\000e\000t\000t\000r\000o\000n\000i\000c\000a}{subsection.3.3}% 21
\BOOKMARK [3][-]{subsubsection.3.3.3}{\376\377\000E\000s\000e\000c\000u\000z\000i\000o\000n\000e\000\040\000d\000e\000l\000\040\000f\000i\000r\000m\000w\000a\000r\000e\000\040\000i\000n\000\040\000u\000n\000\040\000e\000m\000u\000l\000a\000t\000o\000r\000e}{subsection.3.3}% 22
\BOOKMARK [1][-]{section.4}{\376\377\000I\000m\000p\000l\000e\000m\000e\000n\000t\000a\000z\000i\000o\000n\000e}{}% 23
\BOOKMARK [2][-]{subsection.4.1}{\376\377\000I\000n\000t\000e\000r\000f\000a\000c\000c\000e}{section.4}% 24
\BOOKMARK [2][-]{subsection.4.2}{\376\377\000I\000m\000p\000l\000e\000m\000e\000n\000t\000a\000z\000i\000o\000n\000e\000\040\000h\000a\000r\000d\000w\000a\000r\000e}{section.4}% 25
\BOOKMARK [2][-]{subsection.4.3}{\376\377\000I\000m\000p\000l\000e\000m\000e\000n\000t\000a\000z\000i\000o\000n\000e\000\040\000s\000o\000f\000t\000w\000a\000r\000e}{section.4}% 26
\BOOKMARK [3][-]{subsubsection.4.3.1}{\376\377\000I\000n\000t\000e\000r\000f\000a\000c\000c\000i\000a\000m\000e\000n\000t\000o\000\040\000c\000o\000n\000\040\000l\000'\000I\000/\000O}{subsection.4.3}% 27
\BOOKMARK [3][-]{subsubsection.4.3.2}{\376\377\000I\000n\000t\000e\000r\000f\000a\000c\000c\000i\000a\000m\000e\000n\000t\000o\000\040\000c\000o\000n\000\040\000i\000l\000\040\000c\000l\000o\000u\000d}{subsection.4.3}% 28
\BOOKMARK [3][-]{subsubsection.4.3.3}{\376\377\000I\000n\000t\000e\000r\000f\000a\000c\000c\000i\000a\000m\000e\000n\000t\000o\000\040\000c\000o\000n\000\040\000i\000l\000\040\000W\000i\000-\000F\000i}{subsection.4.3}% 29
\BOOKMARK [2][-]{subsection.4.4}{\376\377\000I\000n\000t\000e\000g\000r\000a\000z\000i\000o\000n\000e\000\040\000c\000o\000n\000t\000i\000n\000u\000a}{section.4}% 30
\BOOKMARK [1][-]{section.5}{\376\377\000V\000a\000l\000i\000d\000a\000z\000i\000o\000n\000e\000\040\000s\000p\000e\000r\000i\000m\000e\000n\000t\000a\000l\000e}{}% 31
\BOOKMARK [2][-]{subsection.5.1}{\376\377\000s\000c\000e\000n\000a\000r\000i\000\040\000d\000a\000\040\000t\000e\000s\000t\000a\000r\000e}{section.5}% 32
\BOOKMARK [3][-]{subsubsection.5.1.1}{\376\377\000D\000o\000w\000n\000g\000r\000a\000d\000e\000\040\000d\000e\000l\000\040\000f\000i\000r\000m\000w\000a\000r\000e\000\040\000m\000e\000d\000i\000a\000n\000t\000e\000\040\000A\000P\000I\000\040\000R\000E\000S\000T\000\040\000l\000o\000c\000a\000l\000e}{subsection.5.1}% 33
\BOOKMARK [3][-]{subsubsection.5.1.2}{\376\377\000A\000b\000b\000i\000n\000a\000m\000e\000n\000t\000o\000\040\000d\000e\000l\000\040\000d\000i\000s\000p\000o\000s\000i\000t\000i\000v\000o\000\040\000a\000d\000\040\000u\000n\000\040\000i\000m\000p\000i\000a\000n\000t\000o}{subsection.5.1}% 34
\BOOKMARK [3][-]{subsubsection.5.1.3}{\376\377\000A\000g\000g\000i\000o\000r\000n\000a\000m\000e\000n\000t\000o\000\040\000d\000i\000\040\000u\000n\000\040\000d\000i\000s\000p\000o\000s\000i\000t\000i\000v\000o\000\040\000m\000e\000d\000i\000a\000n\000t\000e\000\040\000O\000T\000A\000\040\000A\000W\000S}{subsection.5.1}% 35
\BOOKMARK [3][-]{subsubsection.5.1.4}{\376\377\000R\000i\000p\000r\000i\000s\000t\000i\000n\000o\000\040\000d\000i\000\040\000f\000a\000b\000b\000r\000i\000c\000a\000\040\000d\000i\000\040\000u\000n\000\040\000d\000i\000s\000p\000o\000s\000i\000t\000i\000v\000o\000\040\000c\000o\000n\000n\000e\000s\000s\000o}{subsection.5.1}% 36
\BOOKMARK [3][-]{subsubsection.5.1.5}{\376\377\000R\000i\000p\000r\000i\000s\000t\000i\000n\000o\000\040\000d\000i\000\040\000f\000a\000b\000b\000r\000i\000c\000a\000\040\000d\000i\000\040\000u\000n\000\040\000d\000i\000s\000p\000o\000s\000i\000t\000i\000v\000o\000\040\000d\000i\000s\000c\000o\000n\000n\000e\000s\000s\000o}{subsection.5.1}% 37
\BOOKMARK [3][-]{subsubsection.5.1.6}{\376\377\000T\000e\000r\000m\000o\000r\000e\000g\000o\000l\000a\000z\000i\000o\000n\000e\000\040\000d\000i\000\040\000b\000a\000s\000e}{subsection.5.1}% 38
\BOOKMARK [3][-]{subsubsection.5.1.7}{\376\377\000A\000t\000t\000i\000v\000a\000z\000i\000o\000n\000e\000\040\000m\000o\000d\000a\000l\000i\000t\000\340\000\040\000s\000t\000a\000n\000d\000-\000b\000y\000\040\000m\000e\000d\000i\000a\000n\000t\000e\000\040\000p\000u\000l\000s\000a\000n\000t\000i\000e\000r\000a\000\040\000d\000e\000l\000\040\000r\000a\000d\000i\000a\000t\000o\000r\000e}{subsection.5.1}% 39
\BOOKMARK [3][-]{subsubsection.5.1.8}{\376\377\000F\000u\000n\000z\000i\000o\000n\000a\000m\000e\000n\000t\000o\000\040\000d\000i\000s\000c\000o\000n\000n\000e\000s\000s\000o}{subsection.5.1}% 40
\BOOKMARK [2][-]{subsection.5.2}{\376\377\000t\000e\000m\000p\000i\000\040\000d\000i\000\040\000e\000s\000e\000c\000u\000z\000i\000o\000n\000e\000\040\000\050\000c\000o\000n\000f\000r\000o\000n\000t\000o\000\040\000a\000u\000t\000o\000m\000a\000t\000i\000c\000o\000/\000m\000a\000n\000u\000a\000l\000e\000\051}{section.5}% 41
\BOOKMARK [1][-]{section.6}{\376\377\000C\000o\000m\000c\000l\000u\000s\000i\000o\000n\000i}{}% 42
\BOOKMARK [2][-]{subsection.6.1}{\376\377\000C\000o\000n\000s\000i\000d\000a\000r\000z\000i\000o\000n\000i}{section.6}% 43
\BOOKMARK [2][-]{subsection.6.2}{\376\377\000P\000a\000s\000s\000i\000\040\000f\000u\000t\000u\000r\000i}{section.6}% 44
\BOOKMARK [3][-]{subsubsection.6.2.1}{\376\377\000F\000u\000t\000u\000r\000i\000\040\000r\000a\000d\000i\000a\000t\000o\000r\000i\000\040\000e\000l\000e\000t\000t\000r\000i\000c\000i}{subsection.6.2}% 45
\BOOKMARK [3][-]{subsubsection.6.2.2}{\376\377\000T\000e\000s\000t\000\040\000d\000i\000\040\000g\000a\000t\000e\000w\000a\000y\000\040\000R\000F}{subsection.6.2}% 46
\BOOKMARK [3][-]{subsubsection.6.2.3}{\376\377\000T\000e\000s\000t\000\040\000d\000i\000\040\000u\000n\000\040\000t\000e\000r\000m\000o\000s\000t\000a\000t\000o\000\040\000O\000p\000e\000n\000T\000h\000e\000r\000m}{subsection.6.2}% 47
